$ raco test UnicodeTests.rkt
--------------------
FAILURE
actual:     1
expected:   2
name:       check-equal?
location:   (#<path:/home/earl/s/2014/05/UnicodeOutOfTheBoxTests/Racket/UnicodeTests.rkt> 54 0 1463 47)
expression: (check-equal? 1 (string-length "„Éà„Çô"))

Check failure
--------------------
--------------------
FAILURE
actual:     3
expected:   5
name:       check-equal?
location:   (#<path:/home/earl/s/2014/05/UnicodeOutOfTheBoxTests/Racket/UnicodeTests.rkt> 57 0 1542 62)
expression: (check-equal? 3 (string-length "eÃàùÑû„Éà„Çô"))

Check failure
--------------------
2/19 test failures
